[0m13:13:40.003110 [debug] [MainThread]: Sending event: {'category': 'dbt', 'action': 'invocation', 'label': 'start', 'context': [<snowplow_tracker.self_describing_json.SelfDescribingJson object at 0x000002057570CA10>, <snowplow_tracker.self_describing_json.SelfDescribingJson object at 0x0000020575769B90>, <snowplow_tracker.self_describing_json.SelfDescribingJson object at 0x0000020575703B90>]}


============================== 13:13:40.017112 | 955fca4f-b51f-46b8-8597-a1469197a5df ==============================
[0m13:13:40.017112 [info ] [MainThread]: Running with dbt=1.11.7
[0m13:13:40.026112 [debug] [MainThread]: running dbt with arguments {'static_parser': 'True', 'no_print': 'None', 'version_check': 'True', 'warn_error_options': 'WarnErrorOptionsV2(error=[], warn=[], silence=[])', 'target_path': 'None', 'printer_width': '80', 'write_json': 'True', 'introspect': 'True', 'log_cache_events': 'False', 'empty': 'None', 'cache_selected_only': 'False', 'fail_fast': 'False', 'debug': 'False', 'log_format': 'default', 'partial_parse': 'True', 'send_anonymous_usage_stats': 'True', 'quiet': 'False', 'warn_error': 'None', 'profiles_dir': 'C:\\Users\\Bamidele\\.dbt', 'use_colors': 'True', 'invocation_command': 'dbt init', 'indirect_selection': 'eager', 'use_experimental_parser': 'False', 'log_path': 'logs'}
[0m13:13:55.585143 [debug] [MainThread]: Starter project path: C:\Users\Bamidele\Documents\dbt\dbt-proj\dbt\Lib\site-packages\dbt\include\starter_project
[0m13:13:55.660411 [info ] [MainThread]: 
Your new dbt project "dedamdev" was created!

For more information on how to configure the profiles.yml file,
please consult the dbt documentation here:

  https://docs.getdbt.com/docs/configure-your-profile

One more thing:

Need help? Don't hesitate to reach out to us via GitHub issues or on Slack:

  https://community.getdbt.com/

Happy modeling!

[0m13:13:55.664412 [info ] [MainThread]: Setting up your profile.
[0m13:32:10.209085 [info ] [MainThread]: Profile dedamdev written to C:\Users\Bamidele\.dbt\profiles.yml using target's profile_template.yml and your supplied values. Run 'dbt debug' to validate the connection.
[0m13:32:10.214078 [debug] [MainThread]: Command `dbt init` succeeded at 13:32:10.214078 after 1111.07 seconds
[0m13:32:10.216079 [debug] [MainThread]: Sending event: {'category': 'dbt', 'action': 'invocation', 'label': 'end', 'context': [<snowplow_tracker.self_describing_json.SelfDescribingJson object at 0x000002056E9B4C10>, <snowplow_tracker.self_describing_json.SelfDescribingJson object at 0x000002056E9F1590>, <snowplow_tracker.self_describing_json.SelfDescribingJson object at 0x000002056EC7BC50>]}
[0m13:32:10.217101 [debug] [MainThread]: Flushing usage events
[0m13:32:11.635076 [debug] [MainThread]: An error was encountered while trying to flush usage events
